{
  "stats": {
    "suites": 1,
    "tests": 1,
    "passes": 1,
    "pending": 0,
    "failures": 0,
    "start": "2022-02-03T21:43:56.568Z",
    "end": "2022-02-03T21:44:02.618Z",
    "duration": 6050,
    "testsRegistered": 1,
    "passPercent": 100,
    "pendingPercent": 0,
    "other": 0,
    "hasOther": false,
    "skipped": 0,
    "hasSkipped": false
  },
  "results": [
    {
      "uuid": "6a10d07c-db47-4f34-9ca7-988a191efa5f",
      "title": "",
      "fullFile": "cypress/integration/Test8_MouseOver.js",
      "file": "cypress/integration/Test8_MouseOver.js",
      "beforeHooks": [],
      "afterHooks": [],
      "tests": [],
      "suites": [
        {
          "uuid": "7fffd26d-e168-46e6-8188-15197332bd4d",
          "title": "My Eight Test Suite",
          "fullFile": "",
          "file": "",
          "beforeHooks": [],
          "afterHooks": [],
          "tests": [
            {
              "title": "My First Test Case",
              "fullTitle": "My Eight Test Suite My First Test Case",
              "timedOut": null,
              "duration": 4020,
              "state": "passed",
              "speed": "fast",
              "pass": true,
              "fail": false,
              "pending": false,
              "context": null,
              "code": "cy.visit('https://rahulshettyacademy.com/AutomationPractice/'); // cy.get(\".mouse-hover-content\").invoke('show')\ncy.contains(\"Top\").click({\n  force: true\n});\ncy.url().should('include', 'top');",
              "err": {},
              "uuid": "95152261-eef4-49f6-a8e6-1077bd43e893",
              "parentUUID": "7fffd26d-e168-46e6-8188-15197332bd4d",
              "isHook": false,
              "skipped": false
            }
          ],
          "suites": [],
          "passes": [
            "95152261-eef4-49f6-a8e6-1077bd43e893"
          ],
          "failures": [],
          "pending": [],
          "skipped": [],
          "duration": 4020,
          "root": false,
          "rootEmpty": false,
          "_timeout": 2000
        }
      ],
      "passes": [],
      "failures": [],
      "pending": [],
      "skipped": [],
      "duration": 0,
      "root": true,
      "rootEmpty": true,
      "_timeout": 2000
    }
  ],
  "meta": {
    "mocha": {
      "version": "7.0.1"
    },
    "mochawesome": {
      "options": {
        "quiet": false,
        "reportFilename": "mochawesome",
        "saveHtml": true,
        "saveJson": true,
        "consoleReporter": "spec",
        "useInlineDiffs": false,
        "code": true
      },
      "version": "7.0.1"
    },
    "marge": {
      "options": {
        "overwrite": false
      },
      "version": "6.0.1"
    }
  }
}