{
  "stats": {
    "suites": 1,
    "tests": 1,
    "passes": 1,
    "pending": 0,
    "failures": 0,
    "start": "2022-02-03T21:43:08.901Z",
    "end": "2022-02-03T21:43:14.990Z",
    "duration": 6089,
    "testsRegistered": 1,
    "passPercent": 100,
    "pendingPercent": 0,
    "other": 0,
    "hasOther": false,
    "skipped": 0,
    "hasSkipped": false
  },
  "results": [
    {
      "uuid": "9ae17cb9-49e7-45e6-9598-090332d21997",
      "title": "",
      "fullFile": "cypress/integration/Test4.js",
      "file": "cypress/integration/Test4.js",
      "beforeHooks": [],
      "afterHooks": [],
      "tests": [],
      "suites": [
        {
          "uuid": "8611f531-18f1-4c4b-9c2e-bbde1734b2d7",
          "title": "My Fourth Test Suite",
          "fullFile": "",
          "file": "",
          "beforeHooks": [],
          "afterHooks": [],
          "tests": [
            {
              "title": "My First Test Case",
              "fullTitle": "My Fourth Test Suite My First Test Case",
              "timedOut": null,
              "duration": 4171,
              "state": "passed",
              "speed": "fast",
              "pass": true,
              "fail": false,
              "pending": false,
              "context": null,
              "code": "cy.visit('https://rahulshettyacademy.com/AutomationPractice/');\ncy.get(\"#displayed-text\").should('be.visible');\ncy.get('#hide-textbox').click();\ncy.get(\"#displayed-text\").should('not.be.visible');\ncy.get('[value=\"radio2\"]').check().should('be.checked');",
              "err": {},
              "uuid": "4201c0b2-3a0c-4010-b87f-4f36bb2644f4",
              "parentUUID": "8611f531-18f1-4c4b-9c2e-bbde1734b2d7",
              "isHook": false,
              "skipped": false
            }
          ],
          "suites": [],
          "passes": [
            "4201c0b2-3a0c-4010-b87f-4f36bb2644f4"
          ],
          "failures": [],
          "pending": [],
          "skipped": [],
          "duration": 4171,
          "root": false,
          "rootEmpty": false,
          "_timeout": 2000
        }
      ],
      "passes": [],
      "failures": [],
      "pending": [],
      "skipped": [],
      "duration": 0,
      "root": true,
      "rootEmpty": true,
      "_timeout": 2000
    }
  ],
  "meta": {
    "mocha": {
      "version": "7.0.1"
    },
    "mochawesome": {
      "options": {
        "quiet": false,
        "reportFilename": "mochawesome",
        "saveHtml": true,
        "saveJson": true,
        "consoleReporter": "spec",
        "useInlineDiffs": false,
        "code": true
      },
      "version": "7.0.1"
    },
    "marge": {
      "options": {
        "overwrite": false
      },
      "version": "6.0.1"
    }
  }
}