{
  "stats": {
    "suites": 1,
    "tests": 2,
    "passes": 2,
    "pending": 0,
    "failures": 0,
    "start": "2022-02-04T13:32:44.991Z",
    "end": "2022-02-04T13:32:51.080Z",
    "duration": 6089,
    "testsRegistered": 2,
    "passPercent": 100,
    "pendingPercent": 0,
    "other": 0,
    "hasOther": false,
    "skipped": 0,
    "hasSkipped": false
  },
  "results": [
    {
      "uuid": "54e41f9d-451a-4d0c-8ee5-731099434a80",
      "title": "",
      "fullFile": "cypress/integration/GreenKart/Test1.js",
      "file": "cypress/integration/GreenKart/Test1.js",
      "beforeHooks": [],
      "afterHooks": [],
      "tests": [],
      "suites": [
        {
          "uuid": "03a35d1a-f1fe-49e9-9c59-5f43f4295b14",
          "title": "My First Test Suite",
          "fullFile": "",
          "file": "",
          "beforeHooks": [],
          "afterHooks": [],
          "tests": [
            {
              "title": "My First Test Case",
              "fullTitle": "My First Test Suite My First Test Case",
              "timedOut": null,
              "duration": 4161,
              "state": "passed",
              "speed": "fast",
              "pass": true,
              "fail": false,
              "pending": false,
              "context": null,
              "code": "cy.visit(\"https://rahulshettyacademy.com/seleniumPractise/#/\");\ncy.get('.search-keyword').type(\"ca\");\ncy.wait(2000); // cy.get('.products').find('.product').should('have.length',4)\n// cy.get('.products').find('.product').contains(\"CART\").each().click()\ncy.get('.products').as('productosLocator');\ncy.get('@productosLocator').find('.product').each(product => {\n  const textVeg = product.find('h4.product-name').text();\n  if (textVeg.includes(\"Cauliflower\")) {\n    cy.wrap(product).find('button').click();\n  }\n}); // cy.get(\"[class*='brand']\").then(logo=>{cy.log(logo.text())})\ncy.get(\"[class*='brand']\").should('contains.text', 'GREEN');\ncy.log(\"hola Josu de cypress\").then(() => {\n  console.log(\"hola Josu!\");\n}); // cy.get('.products').find('.product').contains(\"Carrot\").parent().contains(\"CART\").click()",
              "err": {},
              "uuid": "da778182-38cc-4002-8963-09857ebb0082",
              "parentUUID": "03a35d1a-f1fe-49e9-9c59-5f43f4295b14",
              "isHook": false,
              "skipped": false
            },
            {
              "title": "My Second Test Case",
              "fullTitle": "My First Test Suite My Second Test Case",
              "timedOut": null,
              "duration": 8,
              "state": "passed",
              "speed": "fast",
              "pass": true,
              "fail": false,
              "pending": false,
              "context": null,
              "code": "",
              "err": {},
              "uuid": "af05c81e-dfa1-4bf4-8256-f0e0841937d7",
              "parentUUID": "03a35d1a-f1fe-49e9-9c59-5f43f4295b14",
              "isHook": false,
              "skipped": false
            }
          ],
          "suites": [],
          "passes": [
            "da778182-38cc-4002-8963-09857ebb0082",
            "af05c81e-dfa1-4bf4-8256-f0e0841937d7"
          ],
          "failures": [],
          "pending": [],
          "skipped": [],
          "duration": 4169,
          "root": false,
          "rootEmpty": false,
          "_timeout": 2000
        }
      ],
      "passes": [],
      "failures": [],
      "pending": [],
      "skipped": [],
      "duration": 0,
      "root": true,
      "rootEmpty": true,
      "_timeout": 2000
    }
  ],
  "meta": {
    "mocha": {
      "version": "7.0.1"
    },
    "mochawesome": {
      "options": {
        "quiet": false,
        "reportFilename": "mochawesome",
        "saveHtml": true,
        "saveJson": true,
        "consoleReporter": "spec",
        "useInlineDiffs": false,
        "code": true
      },
      "version": "7.0.1"
    },
    "marge": {
      "options": {
        "overwrite": false
      },
      "version": "6.0.1"
    }
  }
}