{
  "stats": {
    "suites": 1,
    "tests": 2,
    "passes": 2,
    "pending": 0,
    "failures": 0,
    "start": "2022-02-04T13:48:28.610Z",
    "end": "2022-02-04T13:48:34.650Z",
    "duration": 6040,
    "testsRegistered": 2,
    "passPercent": 100,
    "pendingPercent": 0,
    "other": 0,
    "hasOther": false,
    "skipped": 0,
    "hasSkipped": false
  },
  "results": [
    {
      "uuid": "7cf5d481-2ae7-4018-84e2-11fe66a81898",
      "title": "",
      "fullFile": "cypress/integration/GreenKart/Test1.js",
      "file": "cypress/integration/GreenKart/Test1.js",
      "beforeHooks": [],
      "afterHooks": [],
      "tests": [],
      "suites": [
        {
          "uuid": "92bc3334-c330-47ac-a975-0a8191f9d209",
          "title": "My First Test Suite",
          "fullFile": "",
          "file": "",
          "beforeHooks": [],
          "afterHooks": [],
          "tests": [
            {
              "title": "My First Test Case",
              "fullTitle": "My First Test Suite My First Test Case",
              "timedOut": null,
              "duration": 4141,
              "state": "passed",
              "speed": "fast",
              "pass": true,
              "fail": false,
              "pending": false,
              "context": null,
              "code": "cy.visit(\"https://rahulshettyacademy.com/seleniumPractise/#/\");\ncy.get('.search-keyword').type(\"ca\");\ncy.wait(2000); // cy.get('.products').find('.product').should('have.length',4)\n// cy.get('.products').find('.product').contains(\"CART\").each().click()\ncy.get('.products').as('productosLocator');\ncy.get('@productosLocator').find('.product').each(product => {\n  const textVeg = product.find('h4.product-name').text();\n  if (textVeg.includes(\"Cauliflower\")) {\n    cy.wrap(product).find('button').click();\n  }\n}); // cy.get(\"[class*='brand']\").then(logo=>{cy.log(logo.text())})\ncy.get(\"[class*='brand']\").should('contains.text', 'GREEN');\ncy.log(\"hola Josu de cypress\").then(() => {\n  console.log(\"hola Josu!\");\n}); // cy.get('.products').find('.product').contains(\"Carrot\").parent().contains(\"CART\").click()",
              "err": {},
              "uuid": "b7b21049-5822-458b-870b-ce1defdfd30a",
              "parentUUID": "92bc3334-c330-47ac-a975-0a8191f9d209",
              "isHook": false,
              "skipped": false
            },
            {
              "title": "My Second Test Case",
              "fullTitle": "My First Test Suite My Second Test Case",
              "timedOut": null,
              "duration": 7,
              "state": "passed",
              "speed": "fast",
              "pass": true,
              "fail": false,
              "pending": false,
              "context": null,
              "code": "",
              "err": {},
              "uuid": "8ca034f5-df3a-4935-a538-f5f08fc09fb0",
              "parentUUID": "92bc3334-c330-47ac-a975-0a8191f9d209",
              "isHook": false,
              "skipped": false
            }
          ],
          "suites": [],
          "passes": [
            "b7b21049-5822-458b-870b-ce1defdfd30a",
            "8ca034f5-df3a-4935-a538-f5f08fc09fb0"
          ],
          "failures": [],
          "pending": [],
          "skipped": [],
          "duration": 4148,
          "root": false,
          "rootEmpty": false,
          "_timeout": 2000
        }
      ],
      "passes": [],
      "failures": [],
      "pending": [],
      "skipped": [],
      "duration": 0,
      "root": true,
      "rootEmpty": true,
      "_timeout": 2000
    }
  ],
  "meta": {
    "mocha": {
      "version": "7.0.1"
    },
    "mochawesome": {
      "options": {
        "quiet": false,
        "reportFilename": "mochawesome",
        "saveHtml": true,
        "saveJson": true,
        "consoleReporter": "spec",
        "useInlineDiffs": false,
        "code": true
      },
      "version": "7.0.1"
    },
    "marge": {
      "options": {
        "overwrite": false
      },
      "version": "6.0.1"
    }
  }
}