{
  "stats": {
    "suites": 1,
    "tests": 1,
    "passes": 1,
    "pending": 0,
    "failures": 0,
    "start": "2022-02-03T21:43:44.802Z",
    "end": "2022-02-03T21:43:52.270Z",
    "duration": 7468,
    "testsRegistered": 1,
    "passPercent": 100,
    "pendingPercent": 0,
    "other": 0,
    "hasOther": false,
    "skipped": 0,
    "hasSkipped": false
  },
  "results": [
    {
      "uuid": "e523ab68-caa6-4218-88f4-46080967f1c5",
      "title": "",
      "fullFile": "cypress/integration/Test7_TableRows.js",
      "file": "cypress/integration/Test7_TableRows.js",
      "beforeHooks": [],
      "afterHooks": [],
      "tests": [],
      "suites": [
        {
          "uuid": "c5c3195c-5504-4552-b48e-d20fefe67226",
          "title": "My Third Test Suite",
          "fullFile": "",
          "file": "",
          "beforeHooks": [],
          "afterHooks": [],
          "tests": [
            {
              "title": "My First Test Case",
              "fullTitle": "My Third Test Suite My First Test Case",
              "timedOut": null,
              "duration": 5494,
              "state": "passed",
              "speed": "medium",
              "pass": true,
              "fail": false,
              "pending": false,
              "context": null,
              "code": "cy.visit('https://rahulshettyacademy.com/AutomationPractice/');\ncy.get(\"tr td:nth-child(2)\").each((row, index) => {\n  if (row.text().includes(\"Master Selenium\")) {\n    const valor = row.next().text();\n    expect(valor).to.equal(\"25\");\n  }\n}); // cy.get(\"[class='ui-menu-item-wrapper']\").each(option=>{\n//     if(option.text()==(\"India\"))\n//     {cy.wrap(option).click()}\n// })\n// cy.get('#autocomplete').should('have.value','India')",
              "err": {},
              "uuid": "d653eb1a-62ed-4509-8622-dc8a69103eb8",
              "parentUUID": "c5c3195c-5504-4552-b48e-d20fefe67226",
              "isHook": false,
              "skipped": false
            }
          ],
          "suites": [],
          "passes": [
            "d653eb1a-62ed-4509-8622-dc8a69103eb8"
          ],
          "failures": [],
          "pending": [],
          "skipped": [],
          "duration": 5494,
          "root": false,
          "rootEmpty": false,
          "_timeout": 2000
        }
      ],
      "passes": [],
      "failures": [],
      "pending": [],
      "skipped": [],
      "duration": 0,
      "root": true,
      "rootEmpty": true,
      "_timeout": 2000
    }
  ],
  "meta": {
    "mocha": {
      "version": "7.0.1"
    },
    "mochawesome": {
      "options": {
        "quiet": false,
        "reportFilename": "mochawesome",
        "saveHtml": true,
        "saveJson": true,
        "consoleReporter": "spec",
        "useInlineDiffs": false,
        "code": true
      },
      "version": "7.0.1"
    },
    "marge": {
      "options": {
        "overwrite": false
      },
      "version": "6.0.1"
    }
  }
}