{
  "stats": {
    "suites": 1,
    "tests": 1,
    "passes": 1,
    "pending": 0,
    "failures": 0,
    "start": "2022-02-03T21:43:19.169Z",
    "end": "2022-02-03T21:43:25.654Z",
    "duration": 6485,
    "testsRegistered": 1,
    "passPercent": 100,
    "pendingPercent": 0,
    "other": 0,
    "hasOther": false,
    "skipped": 0,
    "hasSkipped": false
  },
  "results": [
    {
      "uuid": "dcff8742-535e-4cc7-826e-44eb48e3fd6d",
      "title": "",
      "fullFile": "cypress/integration/Test5.js",
      "file": "cypress/integration/Test5.js",
      "beforeHooks": [],
      "afterHooks": [],
      "tests": [],
      "suites": [
        {
          "uuid": "1f4b3cb0-fa49-46f7-9129-610f80801ae1",
          "title": "My Fifth Test Suite",
          "fullFile": "",
          "file": "",
          "beforeHooks": [],
          "afterHooks": [],
          "tests": [
            {
              "title": "My First Test Case",
              "fullTitle": "My Fifth Test Suite My First Test Case",
              "timedOut": null,
              "duration": 4541,
              "state": "passed",
              "speed": "fast",
              "pass": true,
              "fail": false,
              "pending": false,
              "context": null,
              "code": "cy.visit('https://rahulshettyacademy.com/AutomationPractice/');\ncy.get(\"#alertbtn\").click();\ncy.get(\"#confirmbtn\").click();\ncy.on('window:alert', str => {\n  expect(str).to.equal(\"Hello , share this practice page and share your knowledge\");\n});\ncy.on('window:confirm', str => {\n  expect(str).to.equal(\"Hello , Are you sure you want to confirm?\");\n});",
              "err": {},
              "uuid": "f4c8d26b-a79a-492a-8ae4-5d24af5fe254",
              "parentUUID": "1f4b3cb0-fa49-46f7-9129-610f80801ae1",
              "isHook": false,
              "skipped": false
            }
          ],
          "suites": [],
          "passes": [
            "f4c8d26b-a79a-492a-8ae4-5d24af5fe254"
          ],
          "failures": [],
          "pending": [],
          "skipped": [],
          "duration": 4541,
          "root": false,
          "rootEmpty": false,
          "_timeout": 2000
        }
      ],
      "passes": [],
      "failures": [],
      "pending": [],
      "skipped": [],
      "duration": 0,
      "root": true,
      "rootEmpty": true,
      "_timeout": 2000
    }
  ],
  "meta": {
    "mocha": {
      "version": "7.0.1"
    },
    "mochawesome": {
      "options": {
        "quiet": false,
        "reportFilename": "mochawesome",
        "saveHtml": true,
        "saveJson": true,
        "consoleReporter": "spec",
        "useInlineDiffs": false,
        "code": true
      },
      "version": "7.0.1"
    },
    "marge": {
      "options": {
        "overwrite": false
      },
      "version": "6.0.1"
    }
  }
}